<?xml version="1.0" encoding="UTF-8"?>
<!-- Generated by org.testng.reporters.JUnitReportReporter -->
<testsuite hostname="User-225" failures="0" tests="1" name="TestCases.TC002_BookNowRequest" time="106.283" errors="0" timestamp="2025-02-12T17:11:48 IST" skipped="0">
  <testcase classname="TestCases.TC002_BookNowRequest" name="bookNowFeatureTest" time="106.283"/>
</testsuite> <!-- TestCases.TC002_BookNowRequest -->
