<?xml version="1.0" encoding="UTF-8"?>
<!-- Generated by org.testng.reporters.JUnitReportReporter -->
<testsuite hostname="User-225" failures="0" tests="2" name="TestCases.Test2" time="42.492" errors="0" timestamp="2025-02-03T18:14:14 IST" skipped="0">
  <testcase classname="TestCases.Test2" name="test2" time="27.878"/>
  <testcase classname="TestCases.Test2" name="test2" time="14.614"/>
</testsuite> <!-- TestCases.Test2 -->
