<?xml version="1.0" encoding="UTF-8"?>
<!-- Generated by org.testng.reporters.JUnitReportReporter -->
<testsuite hostname="User-225" failures="0" tests="1" name="TestCases.TC003_AdminLogin" time="12.643" errors="0" timestamp="2025-01-23T15:04:53 IST" skipped="0">
  <testcase classname="TestCases.TC003_AdminLogin" name="adminLoginTest" time="12.643"/>
</testsuite> <!-- TestCases.TC003_AdminLogin -->
