<?xml version="1.0" encoding="UTF-8"?>
<!-- Generated by org.testng.reporters.JUnitReportReporter -->
<testsuite hostname="User-225" failures="0" tests="2" name="TestCases.TC002_BookNowRequest" time="365.578" errors="0" timestamp="2025-02-07T18:12:01 IST" skipped="0">
  <testcase classname="TestCases.TC002_BookNowRequest" name="bookNowFeatureTest" time="70.517"/>
  <testcase classname="TestCases.TC002_BookNowRequest" name="bookNowFeatureTest" time="295.061"/>
</testsuite> <!-- TestCases.TC002_BookNowRequest -->
