<?xml version="1.0" encoding="UTF-8"?>
<!-- Generated by org.testng.reporters.JUnitReportReporter -->
<testsuite hostname="User-225" failures="0" tests="3" name="TestCases.TC002_BookNowRequest" time="129.173" errors="0" timestamp="2025-02-10T18:18:04 IST" skipped="0">
  <testcase classname="TestCases.TC002_BookNowRequest" name="bookNowFeatureTest" time="26.688"/>
  <testcase classname="TestCases.TC002_BookNowRequest" name="bookNowFeatureTest" time="48.404"/>
  <testcase classname="TestCases.TC002_BookNowRequest" name="bookNowFeatureTest" time="54.081"/>
</testsuite> <!-- TestCases.TC002_BookNowRequest -->
