<?xml version="1.0" encoding="UTF-8"?>
<!-- Generated by org.testng.reporters.JUnitReportReporter -->
<testsuite hostname="User-225" failures="0" tests="3" name="TestCases.TC004_AdminLogin" time="114.360" errors="0" timestamp="2025-02-10T18:18:04 IST" skipped="0">
  <testcase classname="TestCases.TC004_AdminLogin" name="adminLoginTest" time="68.978"/>
  <testcase classname="TestCases.TC004_AdminLogin" name="adminLoginTest" time="25.799"/>
  <testcase classname="TestCases.TC004_AdminLogin" name="adminLoginTest" time="19.583"/>
</testsuite> <!-- TestCases.TC004_AdminLogin -->
