<?xml version="1.0" encoding="UTF-8"?>
<!-- Generated by org.testng.reporters.JUnitReportReporter -->
<testsuite hostname="User-225" failures="0" tests="1" name="TestCases.TC035_CustomerDataUsage" time="16.594" errors="0" timestamp="2025-01-28T13:16:41 IST" skipped="0">
  <testcase classname="TestCases.TC035_CustomerDataUsage" name="customerDataUsageTest" time="16.594"/>
</testsuite> <!-- TestCases.TC035_CustomerDataUsage -->
