<?xml version="1.0" encoding="UTF-8"?>
<!-- Generated by org.testng.reporters.JUnitReportReporter -->
<testsuite hostname="User-225" failures="0" tests="1" name="TestCases.TC031_CustomerBills" time="25.779" errors="0" timestamp="2025-01-28T13:16:42 IST" skipped="0">
  <testcase classname="TestCases.TC031_CustomerBills" name="CustomerBillsPageTest" time="25.779"/>
</testsuite> <!-- TestCases.TC031_CustomerBills -->
