<?xml version="1.0" encoding="UTF-8"?>
<!-- Generated by org.testng.reporters.JUnitReportReporter -->
<testsuite hostname="User-225" failures="0" tests="1" name="TestCases.TC024_MsoInventoryDeviceId" time="23.009" errors="0" timestamp="2025-01-23T18:10:49 IST" skipped="0">
  <testcase classname="TestCases.TC024_MsoInventoryDeviceId" name="msoInventoryDeviceIdTest" time="23.009"/>
</testsuite> <!-- TestCases.TC024_MsoInventoryDeviceId -->
