<?xml version="1.0" encoding="UTF-8"?>
<!-- Generated by org.testng.reporters.JUnitReportReporter -->
<testsuite hostname="User-225" failures="0" tests="1" name="TestCases.TC020_MsoWallet" time="17.307" errors="0" timestamp="2025-01-28T13:16:43 IST" skipped="0">
  <testcase classname="TestCases.TC020_MsoWallet" name="msoWalletTest" time="17.307"/>
</testsuite> <!-- TestCases.TC020_MsoWallet -->
