<?xml version="1.0" encoding="UTF-8"?>
<!-- Generated by org.testng.reporters.JUnitReportReporter -->
<testsuite hostname="User-225" failures="0" tests="2" name="TestCases.TC002_BookNowRequest" time="230.216" errors="0" timestamp="2025-02-10T12:01:51 IST" skipped="0">
  <testcase classname="TestCases.TC002_BookNowRequest" name="bookNowFeatureTest" time="62.106"/>
  <testcase classname="TestCases.TC002_BookNowRequest" name="bookNowFeatureTest" time="168.110"/>
</testsuite> <!-- TestCases.TC002_BookNowRequest -->
