<?xml version="1.0" encoding="UTF-8"?>
<!-- Generated by org.testng.reporters.JUnitReportReporter -->
<testsuite hostname="User-225" failures="0" tests="1" name="TestCases.TC021_MsoCreateCustomPlan" time="17.004" errors="0" timestamp="2025-01-23T17:52:02 IST" skipped="0">
  <testcase classname="TestCases.TC021_MsoCreateCustomPlan" name="msoCreateCustomPlanTest" time="17.004"/>
</testsuite> <!-- TestCases.TC021_MsoCreateCustomPlan -->
