<?xml version="1.0" encoding="UTF-8"?>
<!-- Generated by org.testng.reporters.JUnitReportReporter -->
<testsuite hostname="User-225" failures="0" tests="1" name="TestCases.TC019_MsoStandardPlans" time="15.105" errors="0" timestamp="2025-01-23T17:44:57 IST" skipped="0">
  <testcase classname="TestCases.TC019_MsoStandardPlans" name="msoStandardPlansPageTest" time="15.105"/>
</testsuite> <!-- TestCases.TC019_MsoStandardPlans -->
