<?xml version="1.0" encoding="UTF-8"?>
<!-- Generated by org.testng.reporters.JUnitReportReporter -->
<testsuite hostname="User-225" failures="0" tests="1" name="TestCases.TC018_MsoFUP" time="19.021" errors="0" timestamp="2025-01-28T13:16:42 IST" skipped="0">
  <testcase classname="TestCases.TC018_MsoFUP" name="msoFupTest" time="19.021"/>
</testsuite> <!-- TestCases.TC018_MsoFUP -->
