<?xml version="1.0" encoding="UTF-8"?>
<!-- Generated by org.testng.reporters.JUnitReportReporter -->
<testsuite hostname="User-225" failures="0" tests="1" name="TestCases.TC006_AdminPartnersPage" time="12.792" errors="0" timestamp="2024-11-07T19:27:59 IST" skipped="0">
  <testcase classname="TestCases.TC006_AdminPartnersPage" name="check_Manjula_MSO_Test" time="12.792"/>
</testsuite> <!-- TestCases.TC006_AdminPartnersPage -->
