<?xml version="1.0" encoding="UTF-8"?>
<!-- Generated by org.testng.reporters.JUnitReportReporter -->
<testsuite hostname="User-225" failures="0" tests="1" name="TestCases.TC007_AdminCreateNewPartner" time="21.249" errors="0" timestamp="2025-01-24T11:45:00 IST" skipped="0">
  <testcase classname="TestCases.TC007_AdminCreateNewPartner" name="check_TechSys_MSO_Test" time="21.249"/>
</testsuite> <!-- TestCases.TC007_AdminCreateNewPartner -->
