<?xml version="1.0" encoding="UTF-8"?>
<!-- Generated by org.testng.reporters.JUnitReportReporter -->
<testsuite hostname="User-225" failures="0" tests="1" name="TestCases.TC022_MsoPartnersPage" time="19.304" errors="0" timestamp="2024-11-07T19:27:59 IST" skipped="0">
  <testcase classname="TestCases.TC022_MsoPartnersPage" name="check_Arjun_LCO_Test" time="19.304"/>
</testsuite> <!-- TestCases.TC022_MsoPartnersPage -->
