<?xml version="1.0" encoding="UTF-8"?>
<!-- Generated by org.testng.reporters.JUnitReportReporter -->
<testsuite hostname="User-225" failures="0" tests="1" name="TestCases.TC014_MsoInventoryDeviceId" time="34.969" errors="0" timestamp="2025-01-28T13:16:42 IST" skipped="0">
  <testcase classname="TestCases.TC014_MsoInventoryDeviceId" name="msoInventoryDeviceIdTest" time="34.969"/>
</testsuite> <!-- TestCases.TC014_MsoInventoryDeviceId -->
