<?xml version="1.0" encoding="UTF-8"?>
<!-- Generated by org.testng.reporters.JUnitReportReporter -->
<testsuite hostname="User-225" failures="0" tests="1" name="TestCases.TC030_LcoConnectionsPage" time="13.603" errors="0" timestamp="2025-01-24T12:16:13 IST" skipped="0">
  <testcase classname="TestCases.TC030_LcoConnectionsPage" name="LcoConnectionsListTest" time="13.603"/>
</testsuite> <!-- TestCases.TC030_LcoConnectionsPage -->
