<?xml version="1.0" encoding="UTF-8"?>
<!-- Generated by org.testng.reporters.JUnitReportReporter -->
<testsuite hostname="User-225" failures="0" tests="1" name="TestCases.TC012_MsoCreateCustomPlan" time="27.345" errors="0" timestamp="2025-01-28T13:16:42 IST" skipped="0">
  <testcase classname="TestCases.TC012_MsoCreateCustomPlan" name="msoCreateCustomPlanTest" time="27.345"/>
</testsuite> <!-- TestCases.TC012_MsoCreateCustomPlan -->
