<?xml version="1.0" encoding="UTF-8"?>
<!-- Generated by org.testng.reporters.JUnitReportReporter -->
<testsuite hostname="User-225" failures="0" tests="2" name="TestCases.TC001_LaunchApplication" time="51.702" errors="0" timestamp="2025-02-05T19:17:33 IST" skipped="0">
  <testcase classname="TestCases.TC001_LaunchApplication" name="checkUrlTest" time="8.916"/>
  <testcase classname="TestCases.TC001_LaunchApplication" name="checkUrlTest" time="42.786"/>
</testsuite> <!-- TestCases.TC001_LaunchApplication -->
