<?xml version="1.0" encoding="UTF-8"?>
<!-- Generated by org.testng.reporters.JUnitReportReporter -->
<testsuite hostname="User-225" failures="0" tests="2" name="TestCases.TC002_BookNowRequest" time="53.799" errors="0" timestamp="2025-02-05T15:53:59 IST" skipped="0">
  <testcase classname="TestCases.TC002_BookNowRequest" name="bookNowFeatureTest" time="32.952"/>
  <testcase classname="TestCases.TC002_BookNowRequest" name="bookNowFeatureTest" time="20.847"/>
</testsuite> <!-- TestCases.TC002_BookNowRequest -->
