<?xml version="1.0" encoding="UTF-8"?>
<!-- Generated by org.testng.reporters.JUnitReportReporter -->
<testsuite hostname="User-225" failures="0" tests="1" name="TestCases.TC007_AdminCheckPartner" time="21.293" errors="0" timestamp="2025-01-28T13:16:43 IST" skipped="0">
  <testcase classname="TestCases.TC007_AdminCheckPartner" name="checkPartnerTest" time="21.293"/>
</testsuite> <!-- TestCases.TC007_AdminCheckPartner -->
