<?xml version="1.0" encoding="UTF-8"?>
<!-- Generated by org.testng.reporters.JUnitReportReporter -->
<testsuite hostname="User-225" failures="0" tests="1" name="TestCases.TC024_LcoInstallation" time="20.662" errors="0" timestamp="2025-01-28T13:16:43 IST" skipped="0">
  <testcase classname="TestCases.TC024_LcoInstallation" name="lcoInstallationTest" time="20.662"/>
</testsuite> <!-- TestCases.TC024_LcoInstallation -->
