<?xml version="1.0" encoding="UTF-8"?>
<!-- Generated by org.testng.reporters.JUnitReportReporter -->
<testsuite hostname="User-225" failures="0" tests="1" name="TestCases.TC014_MsoRevenuePage" time="21.811" errors="0" timestamp="2025-01-23T18:04:38 IST" skipped="0">
  <testcase classname="TestCases.TC014_MsoRevenuePage" name="msoRevenuePageTest" time="21.811"/>
</testsuite> <!-- TestCases.TC014_MsoRevenuePage -->
