<?xml version="1.0" encoding="UTF-8"?>
<!-- Generated by org.testng.reporters.JUnitReportReporter -->
<testsuite hostname="User-225" failures="0" tests="3" name="TestCases.TC003_SuperAdminLogin" time="131.723" errors="0" timestamp="2025-02-10T18:18:04 IST" skipped="0">
  <testcase classname="TestCases.TC003_SuperAdminLogin" name="SuperAdminLoginTest" time="34.297"/>
  <testcase classname="TestCases.TC003_SuperAdminLogin" name="SuperAdminLoginTest" time="33.741"/>
  <testcase classname="TestCases.TC003_SuperAdminLogin" name="SuperAdminLoginTest" time="63.685"/>
</testsuite> <!-- TestCases.TC003_SuperAdminLogin -->
