<?xml version="1.0" encoding="UTF-8"?>
<!-- Generated by org.testng.reporters.JUnitReportReporter -->
<testsuite hostname="User-225" failures="0" tests="1" name="TestCases.TC009_AdminRolesPage" time="16.113" errors="0" timestamp="2025-01-23T15:23:55 IST" skipped="0">
  <testcase classname="TestCases.TC009_AdminRolesPage" name="rolesPageLCORoleTest" time="16.113"/>
</testsuite> <!-- TestCases.TC009_AdminRolesPage -->
