<?xml version="1.0" encoding="UTF-8"?>
<!-- Generated by org.testng.reporters.JUnitReportReporter -->
<testsuite hostname="User-225" failures="0" tests="2" name="TestCases.TC003_SuperAdminLogin" time="314.593" errors="0" timestamp="2025-02-10T12:01:51 IST" skipped="0">
  <testcase classname="TestCases.TC003_SuperAdminLogin" name="SuperAdminLoginTest" time="63.214"/>
  <testcase classname="TestCases.TC003_SuperAdminLogin" name="SuperAdminLoginTest" time="251.379"/>
</testsuite> <!-- TestCases.TC003_SuperAdminLogin -->
