<?xml version="1.0" encoding="UTF-8"?>
<!-- Generated by org.testng.reporters.JUnitReportReporter -->
<testsuite hostname="User-225" failures="0" tests="1" name="TestCases.TC018_MsoCreateService" time="14.390" errors="0" timestamp="2024-11-07T19:27:59 IST" skipped="0">
  <testcase classname="TestCases.TC018_MsoCreateService" name="msoServicePageTest" time="14.390"/>
</testsuite> <!-- TestCases.TC018_MsoCreateService -->
