<?xml version="1.0" encoding="UTF-8"?>
<!-- Generated by org.testng.reporters.JUnitReportReporter -->
<testsuite hostname="User-225" failures="0" tests="1" name="TestCases.TC029_LcoWallet" time="15.310" errors="0" timestamp="2025-01-28T13:16:43 IST" skipped="0">
  <testcase classname="TestCases.TC029_LcoWallet" name="lcoWalletTest" time="15.310"/>
</testsuite> <!-- TestCases.TC029_LcoWallet -->
