<?xml version="1.0" encoding="UTF-8"?>
<!-- Generated by org.testng.reporters.JUnitReportReporter -->
<testsuite hostname="User-225" failures="0" tests="1" name="TestCases.TC033_LcoCustomPlans" time="13.113" errors="0" timestamp="2024-11-07T19:27:59 IST" skipped="0">
  <testcase classname="TestCases.TC033_LcoCustomPlans" name="lcoCustomPlansPageTest" time="13.113"/>
</testsuite> <!-- TestCases.TC033_LcoCustomPlans -->
