<?xml version="1.0" encoding="UTF-8"?>
<!-- Generated by org.testng.reporters.JUnitReportReporter -->
<testsuite hostname="User-225" failures="0" tests="2" name="TestCases.TC005_AdminRolesPage" time="245.106" errors="0" timestamp="2025-02-10T12:01:51 IST" skipped="0">
  <testcase classname="TestCases.TC005_AdminRolesPage" name="rolesPageLCORoleCreateRoleTest" time="62.302"/>
  <testcase classname="TestCases.TC005_AdminRolesPage" name="rolesPageLCORoleCreateRoleTest" time="182.804"/>
</testsuite> <!-- TestCases.TC005_AdminRolesPage -->
