<?xml version="1.0" encoding="UTF-8"?>
<!-- Generated by org.testng.reporters.JUnitReportReporter -->
<testsuite hostname="User-225" failures="0" tests="1" name="TestCases.TC016_MsoCreatePricing" time="16.078" errors="0" timestamp="2025-01-23T17:35:22 IST" skipped="0">
  <testcase classname="TestCases.TC016_MsoCreatePricing" name="msoPricingPageTest" time="16.078"/>
</testsuite> <!-- TestCases.TC016_MsoCreatePricing -->
