<?xml version="1.0" encoding="UTF-8"?>
<!-- Generated by org.testng.reporters.JUnitReportReporter -->
<testsuite hostname="User-225" failures="0" tests="1" name="TestCases.TC003_SuperAdminLogin" time="177.331" errors="0" timestamp="2025-02-12T17:11:48 IST" skipped="0">
  <testcase classname="TestCases.TC003_SuperAdminLogin" name="SuperAdminLoginTest" time="177.331"/>
</testsuite> <!-- TestCases.TC003_SuperAdminLogin -->
