<?xml version="1.0" encoding="UTF-8"?>
<!-- Generated by org.testng.reporters.JUnitReportReporter -->
<testsuite hostname="User-225" failures="0" tests="2" name="TestCases.TC002_BookNowRequest" time="45.915" errors="0" timestamp="2025-02-05T19:17:33 IST" skipped="0">
  <testcase classname="TestCases.TC002_BookNowRequest" name="bookNowFeatureTest" time="16.556"/>
  <testcase classname="TestCases.TC002_BookNowRequest" name="bookNowFeatureTest" time="29.359"/>
</testsuite> <!-- TestCases.TC002_BookNowRequest -->
