<?xml version="1.0" encoding="UTF-8"?>
<!-- Generated by org.testng.reporters.JUnitReportReporter -->
<testsuite hostname="User-225" failures="0" tests="1" name="TestCases.TC008_AdminLogging" time="15.854" errors="0" timestamp="2025-01-28T13:16:42 IST" skipped="0">
  <testcase classname="TestCases.TC008_AdminLogging" name="checkAdminLoggingTest" time="15.854"/>
</testsuite> <!-- TestCases.TC008_AdminLogging -->
