<?xml version="1.0" encoding="UTF-8"?>
<!-- Generated by org.testng.reporters.JUnitReportReporter -->
<testsuite hostname="User-225" failures="0" tests="2" name="TestCases.TC004_AdminLogin" time="313.718" errors="0" timestamp="2025-02-10T12:01:51 IST" skipped="0">
  <testcase classname="TestCases.TC004_AdminLogin" name="adminLoginTest" time="62.289"/>
  <testcase classname="TestCases.TC004_AdminLogin" name="adminLoginTest" time="251.429"/>
</testsuite> <!-- TestCases.TC004_AdminLogin -->
