<?xml version="1.0" encoding="UTF-8"?>
<!-- Generated by org.testng.reporters.JUnitReportReporter -->
<testsuite hostname="User-225" failures="0" tests="1" name="TestCases.TC010_CreateRole" time="12.172" errors="0" timestamp="2024-11-07T19:27:59 IST" skipped="0">
  <testcase classname="TestCases.TC010_CreateRole" name="createRoleButtonTest" time="12.172"/>
</testsuite> <!-- TestCases.TC010_CreateRole -->
