<?xml version="1.0" encoding="UTF-8"?>
<!-- Generated by org.testng.reporters.JUnitReportReporter -->
<testsuite hostname="User-225" failures="0" tests="2" name="TestCases.TC003_SuperAdminLogin" time="369.275" errors="0" timestamp="2025-02-07T18:12:02 IST" skipped="0">
  <testcase classname="TestCases.TC003_SuperAdminLogin" name="SuperAdminLoginTest" time="74.217"/>
  <testcase classname="TestCases.TC003_SuperAdminLogin" name="SuperAdminLoginTest" time="295.058"/>
</testsuite> <!-- TestCases.TC003_SuperAdminLogin -->
