<?xml version="1.0" encoding="UTF-8"?>
<!-- Generated by org.testng.reporters.JUnitReportReporter -->
<testsuite hostname="User-225" failures="0" tests="2" name="TestCases.TC001_LaunchApplication" time="267.301" errors="0" timestamp="2025-02-07T18:12:02 IST" skipped="0">
  <testcase classname="TestCases.TC001_LaunchApplication" name="checkUrlTest" time="228.610"/>
  <testcase classname="TestCases.TC001_LaunchApplication" name="checkUrlTest" time="38.691"/>
</testsuite> <!-- TestCases.TC001_LaunchApplication -->
