<?xml version="1.0" encoding="UTF-8"?>
<!-- Generated by org.testng.reporters.JUnitReportReporter -->
<testsuite hostname="User-225" failures="0" tests="1" name="TestCases.TC004_AdminLoginDashboard" time="9.821" errors="0" timestamp="2024-11-07T19:27:59 IST" skipped="0">
  <testcase classname="TestCases.TC004_AdminLoginDashboard" name="adminLoginDashboardTest" time="9.821"/>
</testsuite> <!-- TestCases.TC004_AdminLoginDashboard -->
