<?xml version="1.0" encoding="UTF-8"?>
<!-- Generated by org.testng.reporters.JUnitReportReporter -->
<testsuite hostname="User-225" failures="0" tests="1" name="TestCases.TC026_LcoOperatorInventory" time="17.277" errors="0" timestamp="2025-01-28T13:16:42 IST" skipped="0">
  <testcase classname="TestCases.TC026_LcoOperatorInventory" name="LcoOperatorInventoryPageTest" time="17.277"/>
</testsuite> <!-- TestCases.TC026_LcoOperatorInventory -->
